2025-01-22 21:47:04 [INFO]: Getting all applications
2025-01-22 21:47:04 [INFO]: Applications found: 2
2025-01-22 21:47:56 [INFO]: Creating a new application
2025-01-22 21:47:56 [INFO]: Application created with id: faKgaaaQmAMWmagvrosf
2025-01-22 22:03:13 [WARN]: Solicitud duplicada para el email: juan.perez@example.com
2025-01-22 22:04:14 [WARN]: Duplicaded email: juan.perez@example.com
2025-01-22 22:04:23 [WARN]: Duplicated ID: 12345678
2025-01-23 20:05:20 [INFO]: Getting all applications
2025-01-23 20:05:21 [INFO]: Applications found: 2
2025-01-23 20:07:04 [INFO]: Getting all applications
2025-01-23 20:07:05 [INFO]: Applications found: 2
2025-01-23 20:07:08 [INFO]: Getting application by id
2025-01-23 20:07:18 [INFO]: Getting application by id
2025-01-23 20:35:13 [INFO]: Getting all applications
2025-01-23 20:35:14 [INFO]: Applications found: 2
2025-01-23 20:36:54 [INFO]: Getting all applications
2025-01-23 20:36:55 [INFO]: Applications found: 2
2025-01-23 20:37:01 [INFO]: Getting application by id
2025-01-23 20:44:16 [INFO]: Getting all applications
2025-01-23 20:44:23 [ERROR]: Error getting the applications: Error: 2 UNKNOWN: Getting metadata from plugin failed with error: error:1E08010C:DECODER routines::unsupported
2025-01-23 20:44:28 [INFO]: Getting all applications
2025-01-23 20:44:35 [ERROR]: Error getting the applications: Error: 2 UNKNOWN: Getting metadata from plugin failed with error: error:1E08010C:DECODER routines::unsupported
2025-01-23 20:46:52 [INFO]: Getting all applications
2025-01-23 20:47:00 [ERROR]: Error getting the applications: Error: 2 UNKNOWN: Getting metadata from plugin failed with error: error:1E08010C:DECODER routines::unsupported
2025-01-23 20:48:27 [INFO]: Getting all applications
2025-01-23 20:48:34 [ERROR]: Error getting the applications: Error: 2 UNKNOWN: Getting metadata from plugin failed with error: error:1E08010C:DECODER routines::unsupported
2025-01-23 20:48:45 [INFO]: Getting all applications
2025-01-23 20:48:52 [ERROR]: Error getting the applications: Error: 2 UNKNOWN: Getting metadata from plugin failed with error: error:1E08010C:DECODER routines::unsupported
2025-01-23 20:50:59 [INFO]: Getting all applications
2025-01-23 20:51:06 [ERROR]: Error getting the applications: Error: 2 UNKNOWN: Getting metadata from plugin failed with error: error:1E08010C:DECODER routines::unsupported
2025-01-23 20:53:47 [INFO]: Getting all applications
2025-01-23 20:53:54 [ERROR]: Error getting the applications: Error: 2 UNKNOWN: Getting metadata from plugin failed with error: error:1E08010C:DECODER routines::unsupported
2025-01-23 20:54:47 [INFO]: Getting all applications
2025-01-23 20:54:53 [ERROR]: Error getting the applications: Error: 2 UNKNOWN: Getting metadata from plugin failed with error: error:1E08010C:DECODER routines::unsupported
2025-01-23 20:57:01 [INFO]: Getting all applications
2025-01-23 20:57:08 [ERROR]: Error getting the applications: Error: 2 UNKNOWN: Getting metadata from plugin failed with error: error:1E08010C:DECODER routines::unsupported
2025-01-23 21:00:17 [INFO]: Getting all applications
2025-01-23 21:00:24 [ERROR]: Error getting the applications: Error: 2 UNKNOWN: Getting metadata from plugin failed with error: error:1E08010C:DECODER routines::unsupported
2025-01-23 21:00:40 [INFO]: Getting application by id
2025-01-23 21:00:47 [ERROR]: Error getting the application: Error: 2 UNKNOWN: Getting metadata from plugin failed with error: error:1E08010C:DECODER routines::unsupported
2025-01-23 21:03:05 [INFO]: Starting getApplications function...
2025-01-23 21:03:05 [INFO]: Fetching data from Firestore collection: creditApplications
2025-01-23 21:03:12 [ERROR]: Error getting the applications: Error: 2 UNKNOWN: Getting metadata from plugin failed with error: error:1E08010C:DECODER routines::unsupported
2025-01-23 21:05:32 [INFO]: Starting getApplications function...
2025-01-23 21:05:32 [INFO]: Fetching data from Firestore collection: creditApplications
2025-01-23 21:05:33 [INFO]: Applications retrieved: 2
2025-01-23 21:05:40 [INFO]: Getting application by id
